<?xml version="1.0" encoding="UTF-8"?>
<testsuite name="hexlet.code.AppTest" tests="1" skipped="0" failures="0" errors="0" timestamp="2022-03-15T13:09:54" hostname="ivan-System-Product-Name" time="1.931">
  <properties/>
  <testcase name="testCreateUrl_negative()" classname="hexlet.code.AppTest" time="1.931"/>
  <system-out><![CDATA[]]></system-out>
  <system-err><![CDATA[[Test worker] INFO org.eclipse.jetty.util.log - Logging initialized @2387ms to org.eclipse.jetty.util.log.Slf4jLog
[Test worker] INFO io.javalin.Javalin - Static file handler added: StaticFileConfig(hostedPath=/, directory=META-INF/resources/webjars, location=CLASSPATH, precompress=false, aliasCheck=null, headers={Cache-Control=max-age=31622400}, skipFileFunction=Function1<javax.servlet.http.HttpServletRequest, java.lang.Boolean>). File system location: 'jar:file:/home/ivan/.gradle/caches/modules-2/files-2.1/org.webjars/bootstrap/5.1.1/4a452dae9386b7ddc6dc4933d7d45b6b3edeab1c/bootstrap-5.1.1.jar!/META-INF/resources/webjars'
[Test worker] INFO io.javalin.Javalin - JAVALIN HANDLER REGISTRATION DEBUG LOG: GET[/]
[Test worker] INFO io.javalin.Javalin - JAVALIN HANDLER REGISTRATION DEBUG LOG: GET[/urls]
[Test worker] INFO io.javalin.Javalin - JAVALIN HANDLER REGISTRATION DEBUG LOG: POST[/urls]
[Test worker] INFO io.javalin.Javalin - JAVALIN HANDLER REGISTRATION DEBUG LOG: GET[/urls/{id}]
[Test worker] INFO io.javalin.Javalin - JAVALIN HANDLER REGISTRATION DEBUG LOG: POST[/urls/{id}/checks]
[Test worker] INFO io.javalin.Javalin - JAVALIN HANDLER REGISTRATION DEBUG LOG: BEFORE[*]
[Test worker] INFO io.javalin.Javalin - 
       __                      __ _            __ __
      / /____ _ _   __ ____ _ / /(_)____      / // /
 __  / // __ `/| | / // __ `// // // __ \    / // /_
/ /_/ // /_/ / | |/ // /_/ // // // / / /   /__  __/
\____/ \__,_/  |___/ \__,_//_//_//_/ /_/      /_/

          https://javalin.io/documentation

[Test worker] INFO io.javalin.Javalin - Starting Javalin ...
[Test worker] INFO io.javalin.Javalin - You are running Javalin 4.3.0 (released January 13, 2022).
[Test worker] INFO io.javalin.Javalin - Listening on http://localhost:33635/
[Test worker] INFO io.javalin.Javalin - Javalin started in 279ms \o/
[Test worker] INFO io.ebean.EbeanVersion - ebean version: 12.11.5
[Test worker] INFO io.avaje.config.CoreConfiguration - loaded properties from [resource:application.yaml, resource:application-test.yaml] 
[ForkJoinPool.commonPool-worker-1] INFO io.ebean.test - Using jdbc settings - username:sa url:jdbc:h2:mem:test driver:org.h2.Driver
[Test worker] INFO io.ebean.test - For testing purposes a current user and tenant provider has been configured. Use io.ebean.test.UserContext to set current user and tenant in tests.
[Test worker] INFO io.ebean.datasource - DataSourcePool [${APP_ENV}] autoCommit[false] transIsolation[READ_COMMITTED] min[2] max[200] in[406ms]
[Test worker] INFO io.ebean.DDL - Executing ${APP_ENV}-drop-all.sql - 4 statements, autoCommit:true
[Test worker] INFO io.ebean.DDL - Executing ${APP_ENV}-create-all.sql - 4 statements, autoCommit:false
[Test worker] INFO io.ebean.DB - started database[${APP_ENV}] platform[H2] in 1206ms
[JettyServerThreadPool-24] INFO io.javalin.Javalin - JAVALIN REQUEST DEBUG LOG:
Request: POST [/urls]
    Matching endpoint-handlers: [BEFORE=*, POST=/urls]
    Headers: {User-Agent=unirest-java/3.1.00, Connection=keep-alive, Host=localhost:33635, Accept-Encoding=gzip, Content-Length=30, Content-Type=application/x-www-form-urlencoded; charset=UTF-8}
    Cookies: {}
    Body: name=hps%3A%2F%2Fgithub.com%2F
    QueryString: null
    QueryParams: {}
    FormParams: {name=[hps://github.com/]}
Response: [302], execution took 34.03 ms
    Headers: {Set-Cookie=JSESSIONID=node01nlg8l4b6276x1pzuk9nimksu30.node0; Path=/; HttpOnly, Expires=Thu, 01 Jan 1970 00:00:00 GMT, Date=Tue, 15 Mar 2022 13:09:54 GMT, Content-Type=text/plain, Location=/}
    No body was set
----------------------------------------------------------------------------------
[JettyServerThreadPool-20] INFO io.javalin.Javalin - JAVALIN REQUEST DEBUG LOG:
Request: GET [/]
    Matching endpoint-handlers: [BEFORE=*, GET=/]
    Headers: {Cookie=JSESSIONID=node01nlg8l4b6276x1pzuk9nimksu30.node0, User-Agent=unirest-java/3.1.00, Connection=keep-alive, Host=localhost:33635, Accept-Encoding=gzip}
    Cookies: {JSESSIONID=node01nlg8l4b6276x1pzuk9nimksu30.node0}
    Body: 
    QueryString: null
    QueryParams: {}
    FormParams: {}
Response: [200], execution took 1205.43 ms
    Headers: {Content-Encoding=gzip, Date=Tue, 15 Mar 2022 13:09:54 GMT, Content-Type=text/html}
    Body is gzipped (1453 bytes, not logged)
----------------------------------------------------------------------------------
[Test worker] INFO io.javalin.Javalin - Stopping Javalin ...
[Test worker] INFO io.javalin.Javalin - Javalin has stopped
]]></system-err>
</testsuite>
