<?xml version="1.0" encoding="UTF-8"?>
<testsuite name="hexlet.code.AppTest" tests="1" skipped="0" failures="0" errors="0" timestamp="2022-03-03T19:02:52" hostname="ivan-System-Product-Name" time="1.979">
  <properties/>
  <testcase name="testIndex()" classname="hexlet.code.AppTest" time="1.979"/>
  <system-out><![CDATA[]]></system-out>
  <system-err><![CDATA[[Test worker] INFO org.eclipse.jetty.util.log - Logging initialized @5739ms to org.eclipse.jetty.util.log.Slf4jLog
[Test worker] INFO io.javalin.Javalin - Static file handler added: StaticFileConfig(hostedPath=/, directory=META-INF/resources/webjars, location=CLASSPATH, precompress=false, aliasCheck=null, headers={Cache-Control=max-age=31622400}, skipFileFunction=Function1<javax.servlet.http.HttpServletRequest, java.lang.Boolean>). File system location: 'jar:file:/home/ivan/.gradle/caches/modules-2/files-2.1/org.webjars/bootstrap/5.1.1/4a452dae9386b7ddc6dc4933d7d45b6b3edeab1c/bootstrap-5.1.1.jar!/META-INF/resources/webjars'
[Test worker] INFO io.javalin.Javalin - JAVALIN HANDLER REGISTRATION DEBUG LOG: GET[/]
[Test worker] INFO io.javalin.Javalin - JAVALIN HANDLER REGISTRATION DEBUG LOG: GET[/urls]
[Test worker] INFO io.javalin.Javalin - JAVALIN HANDLER REGISTRATION DEBUG LOG: POST[/urls]
[Test worker] INFO io.javalin.Javalin - JAVALIN HANDLER REGISTRATION DEBUG LOG: GET[/urls/{id}]
[Test worker] INFO io.javalin.Javalin - JAVALIN HANDLER REGISTRATION DEBUG LOG: BEFORE[*]
[Test worker] INFO io.javalin.Javalin - 
       __                      __ _            __ __
      / /____ _ _   __ ____ _ / /(_)____      / // /
 __  / // __ `/| | / // __ `// // // __ \    / // /_
/ /_/ // /_/ / | |/ // /_/ // // // / / /   /__  __/
\____/ \__,_/  |___/ \__,_//_//_//_/ /_/      /_/

          https://javalin.io/documentation

[Test worker] INFO io.javalin.Javalin - Starting Javalin ...
[Test worker] INFO io.javalin.Javalin - You are running Javalin 4.3.0 (released January 13, 2022).
[Test worker] INFO io.javalin.Javalin - Listening on http://localhost:44051/
[Test worker] INFO io.javalin.Javalin - Javalin started in 2218ms \o/
[Test worker] INFO io.ebean.EbeanVersion - ebean version: 12.11.5
[Test worker] INFO io.avaje.config.CoreConfiguration - loaded properties from [resource:application.yaml, resource:application-test.yaml] 
[ForkJoinPool.commonPool-worker-2] INFO io.ebean.test.config.platform.Config - Using jdbc settings - username:sa url:jdbc:h2:mem:test driver:org.h2.Driver
[Test worker] INFO io.ebean.test.config.provider.ProviderAutoConfig - for testing purposes a current user and tenant provider has been configured. Use io.ebean.test.UserContext to set current user and tenant in tests.
[Test worker] INFO io.ebean.datasource.pool.ConnectionPool - DataSourcePool [${APP_ENV}] autoCommit[false] transIsolation[READ_COMMITTED] min[2] max[200] in[405ms]
[Test worker] INFO io.ebean.DDL - Executing ${APP_ENV}-drop-all.sql - 1 statements, autoCommit:true
[Test worker] INFO io.ebean.DDL - Executing ${APP_ENV}-create-all.sql - 1 statements, autoCommit:false
[Test worker] INFO io.ebean.DB - started database[${APP_ENV}] platform[H2] in 1498ms
[JettyServerThreadPool-24] INFO io.javalin.Javalin - JAVALIN REQUEST DEBUG LOG:
Request: GET [/]
    Matching endpoint-handlers: [BEFORE=*, GET=/]
    Headers: {User-Agent=unirest-java/3.1.00, Connection=keep-alive, Host=localhost:44051, Accept-Encoding=gzip}
    Cookies: {}
    Body: 
    QueryString: null
    QueryParams: {}
    FormParams: {}
Response: [200], execution took 968.27 ms
    Headers: {Date=Thu, 03 Mar 2022 19:02:53 GMT, Content-Type=text/html}
    Body is 1192 bytes (starts on next line):
    <!DOCTYPE html>
<html>
<html lang="ru">
<head>
    <meta charset="utf-8">
    <meta name="viewport" content="width=device-width, initial-scale=1">
    <link href="https://cdn.jsdelivr.net/npm/bootstrap@5.1.3/dist/css/bootstrap.min.css"
          rel="stylesheet"
          integrity="sha384-1BmE4kWBq78iYhFldvKuhfTAU6auU8tT94WrHftjDbrCEXSU1oBoqyl2QvZ6jIW3"
          crossorigin="anonymous">
    
    <title>Анализатор страниц</title>
</head>
<body>
<nav class="navbar navbar-expand-lg navbar-light bg-light">
    <div class="container">
        <a class="navbar-brand p-3 mb-2 bg-dark text-white" href="/">Главная</a>
    </div>
</nav>
<div class="container mt-3">
    
    
    <section>
    <div class="container p-3 mb-2 bg-dark text-white">
        <h1 class="display-4 text-center">Анализатор страниц</h1>
        <form action="/urls" method="post">
            <div class="mb-3">
                <label> Url</label>
                <input class="form-control" type="url" name="name">
            </div>
            <button class="btn btn-primary" href="/urls"
                    type="submit">Создать
            </button>
        </form>
    </div>
</section>
</div>
</body>
</html>

----------------------------------------------------------------------------------
[Test worker] INFO io.javalin.Javalin - Stopping Javalin ...
[Test worker] INFO io.javalin.Javalin - Javalin has stopped
]]></system-err>
</testsuite>
